<?xml version="1.0" encoding="UTF-8"?>
<!-- Generated by org.testng.reporters.JUnitReportReporter -->
<testsuite hostname="DESKTOP-Q47RHDA" failures="0" tests="1" name="frameworkpackage.Testngpgm" time="0.009" errors="0" timestamp="2022-10-10T17:41:54 IST" skipped="0">
  <testcase classname="frameworkpackage.Testngpgm" name="demo" time="0.009"/>
  <system-out/>
</testsuite> <!-- frameworkpackage.Testngpgm -->
