<?xml version="1.0" encoding="UTF-8"?>
<!-- Generated by org.testng.reporters.JUnitReportReporter -->
<testsuite hostname="DESKTOP-Q47RHDA" failures="0" tests="1" name="frameworks1.Car_Loan" time="0.008" errors="0" timestamp="2022-10-10T17:41:54 IST" skipped="0">
  <testcase classname="frameworks1.Car_Loan" name="car_loan" time="0.008"/>
  <system-out/>
</testsuite> <!-- frameworks1.Car_Loan -->
