<?xml version="1.0" encoding="UTF-8"?>
<!-- Generated by org.testng.reporters.JUnitReportReporter -->
<testsuite hostname="DESKTOP-Q47RHDA" failures="0" tests="3" name="frameworkpackage.Testcase1" time="0.025" errors="0" timestamp="2022-11-11T17:31:34 IST" skipped="0">
  <testcase classname="frameworkpackage.Testcase1" name="substraction" time="0.006"/>
  <system-out/>
  <testcase classname="frameworkpackage.Testcase1" name="addition" time="0.012"/>
  <system-out/>
  <testcase classname="frameworkpackage.Testcase1" name="multipy" time="0.007"/>
  <system-out/>
</testsuite> <!-- frameworkpackage.Testcase1 -->
