<?xml version="1.0" encoding="UTF-8"?>
<!-- Generated by org.testng.reporters.JUnitReportReporter -->
<testsuite hostname="DESKTOP-Q47RHDA" failures="0" tests="1" name="frameworks1.Personal_Loan" time="0.003" errors="0" timestamp="2022-10-10T17:49:48 IST" skipped="0">
  <testcase classname="frameworks1.Personal_Loan" name="personal_loan" time="0.003"/>
  <system-out/>
</testsuite> <!-- frameworks1.Personal_Loan -->
