<?xml version="1.0" encoding="UTF-8"?>
<!-- Generated by org.testng.reporters.JUnitReportReporter -->
<testsuite hostname="DESKTOP-Q47RHDA" failures="0" tests="4" name="frameworks1.Pgm1" time="33.471" errors="0" timestamp="2022-10-10T17:18:48 IST" skipped="0">
  <testcase classname="frameworks1.Pgm1" name="LaunchBrowser" time="16.008"/>
  <system-out/>
  <testcase classname="frameworks1.Pgm1" name="launchOrangeHRM" time="6.117"/>
  <system-out/>
  <testcase classname="frameworks1.Pgm1" name="doLogin" time="5.610"/>
  <system-out/>
  <testcase classname="frameworks1.Pgm1" name="verifyHome" time="5.736"/>
  <system-out/>
</testsuite> <!-- frameworks1.Pgm1 -->
