<?xml version="1.0" encoding="UTF-8"?>
<!-- Generated by org.testng.reporters.JUnitReportReporter -->
<testsuite hostname="DESKTOP-Q47RHDA" failures="0" tests="1" name="frameworks1.Home_Loan" time="0.011" errors="0" timestamp="2022-10-10T17:50:13 IST" skipped="0">
  <testcase classname="frameworks1.Home_Loan" name="home_loan1" time="0.011"/>
  <system-out/>
</testsuite> <!-- frameworks1.Home_Loan -->
